<?xml version="1.0" encoding="UTF-8"?>
<testsuite name="com.censusanalyser.StateCensusAnalyzerTest" tests="1" skipped="0" failures="0" errors="0" timestamp="2021-05-09T12:14:23" hostname="DESKTOP-45808RR" time="1.477">
  <properties/>
  <testcase name="givenCSVFilePath_WhenIncorrect_ShouldThrowStateAnalyzerException" classname="com.censusanalyser.StateCensusAnalyzerTest" time="1.477"/>
  <system-out><![CDATA[Census [ State = Uttar Pradesh, Population = 199812341, AreaInSqKm = 240928, density = 828 ]
Census [ State = Maharashta, Population = 112372972, AreaInSqKm = 307713, density = 365 ]
Census [ State = Bihar, Population = 103804637, AreaInSqKm = 94163, density = 1102 ]
Census [ State = West Bengal, Population = 91347736, AreaInSqKm = 88752, density = 1029 ]
Census [ State = Madhya Pradesh, Population = 72597565, AreaInSqKm = 308245, density = 236 ]
Census [ State = Tamil Nadu, Population = 72138958, AreaInSqKm = 130058, density = 555 ]
Census [ State = Rajasthan, Population = 68621012, AreaInSqKm = 342239, density = 201 ]
Census [ State = Karnataka, Population = 61130704, AreaInSqKm = 191791, density = 319 ]
Census [ State = Gujarat, Population = 60383628, AreaInSqKm = 196024, density = 308 ]
Census [ State = Andhra Pradesh, Population = 49386799, AreaInSqKm = 162968, density = 303 ]
Census [ State = Odisha, Population = 41947358, AreaInSqKm = 155707, density = 269 ]
Census [ State = Telangana, Population = 35286757, AreaInSqKm = 114840, density = 307 ]
Census [ State = Kerala, Population = 33387677, AreaInSqKm = 38863, density = 859 ]
Census [ State = Jharkhand, Population = 32966238, AreaInSqKm = 79714, density = 414 ]
Census [ State = Assam, Population = 31169272, AreaInSqKm = 78438, density = 397 ]
Census [ State = Punjab, Population = 27704236, AreaInSqKm = 50362, density = 550 ]
Census [ State = Chattisgarh, Population = 25540196, AreaInSqKm = 135191, density = 189 ]
Census [ State = Haryana, Population = 25353081, AreaInSqKm = 44212, density = 573 ]
Census [ State = Jammu and Kashmir, Population = 12548926, AreaInSqKm = 222236, density = 57 ]
Census [ State = Uttarakhand, Population = 10116752, AreaInSqKm = 53483, density = 189 ]
Census [ State = Himachal Pradesh, Population = 6864602, AreaInSqKm = 55673, density = 123 ]
Census [ State = Tripura, Population = 3671032, AreaInSqKm = 10486, density = 350 ]
Census [ State = Meghalaya, Population = 2964007, AreaInSqKm = 22429, density = 132 ]
Census [ State = Manipur, Population = 2721756, AreaInSqKm = 22327, density = 122 ]
Census [ State = Nagaland, Population = 1980602, AreaInSqKm = 16579, density = 119 ]
Census [ State = Goa, Population = 1457723, AreaInSqKm = 3702, density = 394 ]
Census [ State = Arunachal Pradesh, Population = 1382611, AreaInSqKm = 0, density = 0 ]
Census [ State = Mizoram, Population = 1091014, AreaInSqKm = 21081, density = 52 ]
Census [ State = Sikkim, Population = 607688, AreaInSqKm = 7096, density = 86 ]
]]></system-out>
  <system-err><![CDATA[]]></system-err>
</testsuite>
